[0m21:14:26.588284 [debug] [MainThread]: Sending event: {'category': 'dbt', 'action': 'invocation', 'label': 'start', 'context': [<snowplow_tracker.self_describing_json.SelfDescribingJson object at 0x000002A6CFF18650>, <snowplow_tracker.self_describing_json.SelfDescribingJson object at 0x000002A6CFF186E0>, <snowplow_tracker.self_describing_json.SelfDescribingJson object at 0x000002A6CFF19670>]}


============================== 21:14:26.592284 | 7262bb75-c8bf-4982-aa9f-b9d9aa38584c ==============================
[0m21:14:26.592284 [info ] [MainThread]: Running with dbt=1.7.6
[0m21:14:26.592284 [debug] [MainThread]: running dbt with arguments {'printer_width': '80', 'indirect_selection': 'eager', 'write_json': 'True', 'log_cache_events': 'False', 'partial_parse': 'True', 'cache_selected_only': 'False', 'profiles_dir': 'C:\\Users\\kanwa\\.dbt', 'debug': 'False', 'version_check': 'True', 'log_path': 'logs', 'fail_fast': 'False', 'warn_error': 'None', 'use_colors': 'True', 'use_experimental_parser': 'False', 'no_print': 'None', 'quiet': 'False', 'log_format': 'default', 'static_parser': 'True', 'introspect': 'True', 'invocation_command': 'dbt init northwinds_dbt', 'target_path': 'None', 'warn_error_options': 'WarnErrorOptions(include=[], exclude=[])', 'send_anonymous_usage_stats': 'True'}
[0m21:14:26.594284 [debug] [MainThread]: Starter project path: C:\Users\kanwa\dbt\dbt-core-setup-northwinds\codebase\venv\Lib\site-packages\dbt\include\starter_project
[0m21:14:26.603025 [info ] [MainThread]: 
Your new dbt project "northwinds_dbt" was created!

For more information on how to configure the profiles.yml file,
please consult the dbt documentation here:

  https://docs.getdbt.com/docs/configure-your-profile

One more thing:

Need help? Don't hesitate to reach out to us via GitHub issues or on Slack:

  https://community.getdbt.com/

Happy modeling!

[0m21:14:26.605028 [info ] [MainThread]: Setting up your profile.
[0m21:15:55.127662 [error] [MainThread]: Encountered an error:

[0m21:15:55.127662 [error] [MainThread]: Traceback (most recent call last):
  File "C:\Users\kanwa\dbt\dbt-core-setup-northwinds\codebase\venv\Lib\site-packages\dbt\cli\requires.py", line 91, in wrapper
    result, success = func(*args, **kwargs)
                      ^^^^^^^^^^^^^^^^^^^^^
  File "C:\Users\kanwa\dbt\dbt-core-setup-northwinds\codebase\venv\Lib\site-packages\dbt\cli\requires.py", line 76, in wrapper
    return func(*args, **kwargs)
           ^^^^^^^^^^^^^^^^^^^^^
  File "C:\Users\kanwa\dbt\dbt-core-setup-northwinds\codebase\venv\Lib\site-packages\dbt\cli\main.py", line 515, in init
    results = task.run()
              ^^^^^^^^^^
  File "C:\Users\kanwa\dbt\dbt-core-setup-northwinds\codebase\venv\Lib\site-packages\dbt\task\init.py", line 344, in run
    self.setup_profile(profile_name)
  File "C:\Users\kanwa\dbt\dbt-core-setup-northwinds\codebase\venv\Lib\site-packages\dbt\task\init.py", line 263, in setup_profile
    adapter = self.ask_for_adapter_choice()
              ^^^^^^^^^^^^^^^^^^^^^^^^^^^^^
  File "C:\Users\kanwa\dbt\dbt-core-setup-northwinds\codebase\venv\Lib\site-packages\dbt\task\init.py", line 244, in ask_for_adapter_choice
    numeric_choice = click.prompt(prompt_msg, type=click.INT)
                     ^^^^^^^^^^^^^^^^^^^^^^^^^^^^^^^^^^^^^^^^
  File "C:\Users\kanwa\dbt\dbt-core-setup-northwinds\codebase\venv\Lib\site-packages\click\termui.py", line 164, in prompt
    value = prompt_func(prompt)
            ^^^^^^^^^^^^^^^^^^^
  File "C:\Users\kanwa\dbt\dbt-core-setup-northwinds\codebase\venv\Lib\site-packages\click\termui.py", line 147, in prompt_func
    raise Abort() from None
click.exceptions.Abort

[0m21:15:55.127662 [debug] [MainThread]: Command `dbt init` failed at 21:15:55.127662 after 88.61 seconds
[0m21:15:55.127662 [debug] [MainThread]: Sending event: {'category': 'dbt', 'action': 'invocation', 'label': 'end', 'context': [<snowplow_tracker.self_describing_json.SelfDescribingJson object at 0x000002A6CFB16630>, <snowplow_tracker.self_describing_json.SelfDescribingJson object at 0x000002A6CFAB0290>, <snowplow_tracker.self_describing_json.SelfDescribingJson object at 0x000002A6CFF1AC30>]}
[0m21:15:55.127662 [debug] [MainThread]: Flushing usage events
[0m22:39:29.048340 [debug] [MainThread]: Sending event: {'category': 'dbt', 'action': 'invocation', 'label': 'start', 'context': [<snowplow_tracker.self_describing_json.SelfDescribingJson object at 0x000001EA714CBF80>, <snowplow_tracker.self_describing_json.SelfDescribingJson object at 0x000001EA714C84A0>, <snowplow_tracker.self_describing_json.SelfDescribingJson object at 0x000001EA714C8560>]}


============================== 22:39:29.048340 | 4f932290-c70e-4c0e-b603-f16e65eecd1a ==============================
[0m22:39:29.048340 [info ] [MainThread]: Running with dbt=1.7.6
[0m22:39:29.048340 [debug] [MainThread]: running dbt with arguments {'printer_width': '80', 'indirect_selection': 'eager', 'write_json': 'True', 'log_cache_events': 'False', 'partial_parse': 'True', 'cache_selected_only': 'False', 'profiles_dir': 'C:\\Users\\kanwa\\.dbt', 'version_check': 'True', 'warn_error': 'None', 'log_path': 'logs', 'fail_fast': 'False', 'debug': 'False', 'use_colors': 'True', 'use_experimental_parser': 'False', 'no_print': 'None', 'quiet': 'False', 'log_format': 'default', 'static_parser': 'True', 'invocation_command': 'dbt debug', 'introspect': 'True', 'target_path': 'None', 'warn_error_options': 'WarnErrorOptions(include=[], exclude=[])', 'send_anonymous_usage_stats': 'True'}
[0m22:39:29.048340 [info ] [MainThread]: dbt version: 1.7.6
[0m22:39:29.048340 [info ] [MainThread]: python version: 3.12.0
[0m22:39:29.056849 [info ] [MainThread]: python path: C:\Users\kanwa\dbt\dbt-core-setup-northwinds\codebase\venv\Scripts\python.exe
[0m22:39:29.056849 [info ] [MainThread]: os info: Windows-11-10.0.22621-SP0
[0m22:39:29.126934 [info ] [MainThread]: Using profiles dir at C:\Users\kanwa\.dbt
[0m22:39:29.127855 [info ] [MainThread]: Using profiles.yml file at C:\Users\kanwa\.dbt\profiles.yml
[0m22:39:29.129089 [info ] [MainThread]: Using dbt_project.yml file at C:\Users\kanwa\dbt\dbt-core-setup-northwinds\codebase\dbt_project.yml
[0m22:39:29.129089 [info ] [MainThread]: adapter type: postgres
[0m22:39:29.130505 [info ] [MainThread]: adapter version: 1.7.6
[0m22:39:29.131512 [info ] [MainThread]: Configuration:
[0m22:39:29.132512 [info ] [MainThread]:   profiles.yml file [[32mOK found and valid[0m]
[0m22:39:29.132512 [info ] [MainThread]:   dbt_project.yml file [[31mERROR not found[0m]
[0m22:39:29.133855 [info ] [MainThread]: Required dependencies:
[0m22:39:29.133855 [debug] [MainThread]: Executing "git --help"
[0m22:39:29.163241 [debug] [MainThread]: STDOUT: "b"usage: git [-v | --version] [-h | --help] [-C <path>] [-c <name>=<value>]\n           [--exec-path[=<path>]] [--html-path] [--man-path] [--info-path]\n           [-p | --paginate | -P | --no-pager] [--no-replace-objects] [--bare]\n           [--git-dir=<path>] [--work-tree=<path>] [--namespace=<name>]\n           [--config-env=<name>=<envvar>] <command> [<args>]\n\nThese are common Git commands used in various situations:\n\nstart a working area (see also: git help tutorial)\n   clone     Clone a repository into a new directory\n   init      Create an empty Git repository or reinitialize an existing one\n\nwork on the current change (see also: git help everyday)\n   add       Add file contents to the index\n   mv        Move or rename a file, a directory, or a symlink\n   restore   Restore working tree files\n   rm        Remove files from the working tree and from the index\n\nexamine the history and state (see also: git help revisions)\n   bisect    Use binary search to find the commit that introduced a bug\n   diff      Show changes between commits, commit and working tree, etc\n   grep      Print lines matching a pattern\n   log       Show commit logs\n   show      Show various types of objects\n   status    Show the working tree status\n\ngrow, mark and tweak your common history\n   branch    List, create, or delete branches\n   commit    Record changes to the repository\n   merge     Join two or more development histories together\n   rebase    Reapply commits on top of another base tip\n   reset     Reset current HEAD to the specified state\n   switch    Switch branches\n   tag       Create, list, delete or verify a tag object signed with GPG\n\ncollaborate (see also: git help workflows)\n   fetch     Download objects and refs from another repository\n   pull      Fetch from and integrate with another repository or a local branch\n   push      Update remote refs along with associated objects\n\n'git help -a' and 'git help -g' list available subcommands and some\nconcept guides. See 'git help <command>' or 'git help <concept>'\nto read about a specific subcommand or concept.\nSee 'git help git' for an overview of the system.\n""
[0m22:39:29.164544 [debug] [MainThread]: STDERR: "b''"
[0m22:39:29.165601 [info ] [MainThread]:  - git [[32mOK found[0m]

[0m22:39:29.165601 [info ] [MainThread]: Connection:
[0m22:39:29.166584 [info ] [MainThread]:   host: localhost
[0m22:39:29.166584 [info ] [MainThread]:   port: 5432
[0m22:39:29.166584 [info ] [MainThread]:   user: postgres
[0m22:39:29.166584 [info ] [MainThread]:   database: northwinds
[0m22:39:29.166584 [info ] [MainThread]:   schema: dev
[0m22:39:29.166584 [info ] [MainThread]:   connect_timeout: 30
[0m22:39:29.166584 [info ] [MainThread]:   role: None
[0m22:39:29.166584 [info ] [MainThread]:   search_path: None
[0m22:39:29.171293 [info ] [MainThread]:   keepalives_idle: 0
[0m22:39:29.171502 [info ] [MainThread]:   sslmode: None
[0m22:39:29.171502 [info ] [MainThread]:   sslcert: None
[0m22:39:29.172817 [info ] [MainThread]:   sslkey: None
[0m22:39:29.172817 [info ] [MainThread]:   sslrootcert: None
[0m22:39:29.173824 [info ] [MainThread]:   application_name: dbt
[0m22:39:29.174961 [info ] [MainThread]:   retries: 1
[0m22:39:29.175790 [info ] [MainThread]: Registered adapter: postgres=1.7.6
[0m22:39:29.175790 [debug] [MainThread]: Acquiring new postgres connection 'debug'
[0m22:39:29.177244 [debug] [MainThread]: Using postgres connection "debug"
[0m22:39:29.177244 [debug] [MainThread]: On debug: select 1 as id
[0m22:39:29.177244 [debug] [MainThread]: Opening a new connection, currently in state init
[0m22:39:29.227050 [debug] [MainThread]: SQL status: SELECT 1 in 0.0 seconds
[0m22:39:29.229110 [debug] [MainThread]: On debug: Close
[0m22:39:29.229110 [info ] [MainThread]:   Connection test: [[32mOK connection ok[0m]

[0m22:39:29.230109 [info ] [MainThread]: [31m1 check failed:[0m
[0m22:39:29.231114 [info ] [MainThread]: Project loading failed for the following reason:
 project path <C:\Users\kanwa\dbt\dbt-core-setup-northwinds\codebase\dbt_project.yml> not found

[0m22:39:29.232202 [debug] [MainThread]: Command `dbt debug` failed at 22:39:29.232202 after 0.25 seconds
[0m22:39:29.232202 [debug] [MainThread]: Connection 'debug' was properly closed.
[0m22:39:29.233338 [debug] [MainThread]: Sending event: {'category': 'dbt', 'action': 'invocation', 'label': 'end', 'context': [<snowplow_tracker.self_describing_json.SelfDescribingJson object at 0x000001EA713438F0>, <snowplow_tracker.self_describing_json.SelfDescribingJson object at 0x000001EA71367AD0>, <snowplow_tracker.self_describing_json.SelfDescribingJson object at 0x000001EA70A2BFB0>]}
[0m22:39:29.233338 [debug] [MainThread]: Flushing usage events
